[debug] > Exec(early(addDefaultCommands), None, None)
[debug] > Exec(addDefaultCommands, None, None)
[debug] > Exec(early(initialize), None, None)
[debug] > Exec(initialize, None, None)
[debug] > Exec(early(addPluginSbtFile="""C:\Users\xiaod\AppData\Local\Temp\idea.sbt"""), None, None)
[debug] > Exec(addPluginSbtFile="""C:\Users\xiaod\AppData\Local\Temp\idea.sbt""", None, None)
[debug] > Exec(boot, None, None)
[debug] > Exec(writeSbtVersion, None, None)
[debug] > Exec(reload, None, None)
[debug] > Exec(sbtStashOnFailure, None, None)
[debug] > Exec(onFailure loadFailed, None, None)
[debug] > Exec(loadp, None, None)
[info] welcome to sbt 1.6.2 (Oracle Corporation Java 17.0.2)
[debug]       Load.loadUnit: plugins took 81.2929ms
[debug]       Load.loadUnit: defsScala took 0.2583ms
[debug] [Loading] Scanning directory C:\Users\xiaod\.sbt\1.0\plugins
[debug] [Loading] Found non-root projects 
[debug] [Loading] Done in C:\Users\xiaod\.sbt\1.0\plugins, returning: ()
[debug] deducing auto plugins based on known facts Set(Atom(sbt.plugins.CorePlugin)) and clauses Clauses(Clause(Atom(sbt.plugins.JvmPlugin),Set(Atom(sbt.plugins.IvyPlugin)))
[debug] Clause(Atom(sbt.ScriptedPlugin),Set(Atom(sbt.plugins.JvmPlugin)))
[debug] Clause(Atom(sbt.plugins.SbtPlugin),Set(Atom(sbt.ScriptedPlugin)))
[debug] Clause(Atom(sbt.plugins.SemanticdbPlugin),Set(Atom(sbt.plugins.JvmPlugin)))
[debug] Clause(Atom(sbt.plugins.JUnitXmlReportPlugin),Set(Atom(sbt.plugins.JvmPlugin)))
[debug] Clause(Atom(sbt.plugins.MiniDependencyTreePlugin),Set(Atom(sbt.plugins.JvmPlugin)))
[debug] Clause(Atom(sbt.plugins.CorePlugin),Set(Atom(sbt.plugins.IvyPlugin)))
[debug] Clause(Atom(sbt.plugins.IvyPlugin),Set(Atom(sbt.plugins.JvmPlugin)))
[debug] Clause(Atom(sbt.plugins.JvmPlugin),Set(Atom(sbt.plugins.SemanticdbPlugin)))
[debug] Clause(Atom(sbt.plugins.JvmPlugin),Set(Atom(sbt.plugins.JUnitXmlReportPlugin)))
[debug] Clause(Atom(sbt.plugins.CorePlugin),Set(Atom(sbt.plugins.Giter8TemplatePlugin)))
[debug] Clause(Atom(sbt.plugins.JvmPlugin),Set(Atom(sbt.plugins.MiniDependencyTreePlugin))))
[debug]   :: deduced result: Matched(sbt.plugins.CorePlugin,sbt.plugins.Giter8TemplatePlugin,sbt.plugins.IvyPlugin,sbt.plugins.JvmPlugin,sbt.plugins.MiniDependencyTreePlugin,sbt.plugins.JUnitXmlReportPlugin,sbt.plugins.SemanticdbPlugin)
[debug] Plugins.deducer#function took 13.9895 ms
[debug]           Load.resolveProject(global-plugins) took 36.8851ms
[debug]         Load.loadTransitive: finalizeProject(Project(id global-plugins, base: C:\Users\xiaod\.sbt\1.0\plugins, plugins: List(<none>))) took 68.2299ms
[debug] [Loading] Done in C:\Users\xiaod\.sbt\1.0\plugins, returning: (global-plugins)
[debug]       Load.loadUnit: loadedProjectsRaw took 86.2201ms
[debug]       Load.loadUnit: cleanEvalClasses took 0.2514ms
[debug]     Load.loadUnit(file:/C:/Users/xiaod/.sbt/1.0/plugins/, ...) took 177.1215ms
[debug]   Load.apply: load took 374.0325ms
[debug]   Load.apply: resolveProjects took 8.3863ms
[debug]   Load.apply: finalTransforms took 169.6327ms
[debug]   Load.apply: config.delegates took 9.8566ms
[debug]   Load.apply: Def.make(settings)... took 1232.0463ms
[debug]   Load.apply: structureIndex took 340.3659ms
[debug]   Load.apply: mkStreams took 1.7487ms
[info] loading global plugins from C:\Users\xiaod\.sbt\1.0\plugins
[debug] Running task... Cancel: Signal, check cycles: false, forcegc: true
[debug] Load.defaultLoad until apply took 4508.0588ms
[debug]           Load.loadUnit: plugins took 18.3881ms
[debug]           Load.loadUnit: defsScala took 0.003ms
[debug] [Loading] Scanning directory C:\Users\xiaod\Desktop\it5100adb\project
[debug]             Load.loadUnit: mkEval took 4.1768ms
[debug] [Loading] Found non-root projects 
[debug] [Loading] Done in C:\Users\xiaod\Desktop\it5100adb\project, returning: ()
[debug] deducing auto plugins based on known facts Set(Atom(sbt.plugins.CorePlugin)) and clauses Clauses(Clause(Atom(sbt.plugins.JvmPlugin),Set(Atom(sbt.plugins.IvyPlugin)))
[debug] Clause(Atom(sbt.ScriptedPlugin),Set(Atom(sbt.plugins.JvmPlugin)))
[debug] Clause(Atom(sbt.plugins.SbtPlugin),Set(Atom(sbt.ScriptedPlugin)))
[debug] Clause(Atom(sbt.plugins.SemanticdbPlugin),Set(Atom(sbt.plugins.JvmPlugin)))
[debug] Clause(Atom(sbt.plugins.JUnitXmlReportPlugin),Set(Atom(sbt.plugins.JvmPlugin)))
[debug] Clause(Atom(sbt.plugins.MiniDependencyTreePlugin),Set(Atom(sbt.plugins.JvmPlugin)))
[debug] Clause(Atom(sbt.plugins.CorePlugin),Set(Atom(sbt.plugins.IvyPlugin)))
[debug] Clause(Atom(sbt.plugins.IvyPlugin),Set(Atom(sbt.plugins.JvmPlugin)))
[debug] Clause(Atom(sbt.plugins.JvmPlugin),Set(Atom(sbt.plugins.SemanticdbPlugin)))
[debug] Clause(Atom(sbt.plugins.JvmPlugin),Set(Atom(sbt.plugins.JUnitXmlReportPlugin)))
[debug] Clause(Atom(sbt.plugins.CorePlugin),Set(Atom(sbt.plugins.Giter8TemplatePlugin)))
[debug] Clause(Atom(sbt.plugins.JvmPlugin),Set(Atom(sbt.plugins.MiniDependencyTreePlugin))))
[debug]   :: deduced result: Matched(sbt.plugins.CorePlugin,sbt.plugins.Giter8TemplatePlugin,sbt.plugins.IvyPlugin,sbt.plugins.JvmPlugin,sbt.plugins.MiniDependencyTreePlugin,sbt.plugins.JUnitXmlReportPlugin,sbt.plugins.SemanticdbPlugin)
[debug] Plugins.deducer#function took 1.4118 ms
[info] loading settings for project it5100adb-build from idea.sbt ...
[debug]               Load.resolveProject(it5100adb-build) took 7.4748ms
[debug]             Load.loadTransitive: finalizeProject(Project(id it5100adb-build, base: C:\Users\xiaod\Desktop\it5100adb\project, plugins: List(<none>))) took 9.4055ms
[debug] [Loading] Done in C:\Users\xiaod\Desktop\it5100adb\project, returning: (it5100adb-build)
[debug]           Load.loadUnit: loadedProjectsRaw took 111.3727ms
[debug]           Load.loadUnit: cleanEvalClasses took 4.5256ms
[debug]         Load.loadUnit(file:/C:/Users/xiaod/Desktop/it5100adb/project/, ...) took 135.0566ms
[debug]       Load.apply: load took 136.2629ms
[debug]       Load.apply: resolveProjects took 0.1299ms
[debug]       Load.apply: finalTransforms took 6.585ms
[debug]       Load.apply: config.delegates took 0.3003ms
[debug]       Load.apply: Def.make(settings)... took 82.1735ms
[debug]       Load.apply: structureIndex took 23.3424ms
[debug]       Load.apply: mkStreams took 0.0019ms
[info] loading project definition from C:\Users\xiaod\Desktop\it5100adb\project
[debug] Running task... Cancel: Signal, check cycles: false, forcegc: true
[warn] Unrecognized repository Scala Plugin Bundled Repository, ignoring it
[warn] Unrecognized repository Scala Plugin Bundled Repository, ignoring it
[debug]     Load.loadUnit: plugins took 1641.454ms
[debug]     Load.loadUnit: defsScala took 0.0048ms
[debug] [Loading] Scanning directory C:\Users\xiaod\Desktop\it5100adb
[debug]       Load.loadUnit: mkEval took 0.2363ms
[debug] [Loading] Found non-root projects 
[debug] [Loading] Done in C:\Users\xiaod\Desktop\it5100adb, returning: ()
[debug] deducing auto plugins based on known facts Set(Atom(sbt.plugins.CorePlugin)) and clauses Clauses(Clause(Atom(sbt.plugins.JvmPlugin),Set(Atom(sbt.plugins.IvyPlugin)))
[debug] Clause(Atom(sbt.ScriptedPlugin),Set(Atom(sbt.plugins.JvmPlugin)))
[debug] Clause(Atom(sbt.plugins.SbtPlugin),Set(Atom(sbt.ScriptedPlugin)))
[debug] Clause(Atom(sbt.plugins.SemanticdbPlugin),Set(Atom(sbt.plugins.JvmPlugin)))
[debug] Clause(Atom(sbt.plugins.JUnitXmlReportPlugin),Set(Atom(sbt.plugins.JvmPlugin)))
[debug] Clause(Atom(sbt.plugins.MiniDependencyTreePlugin),Set(Atom(sbt.plugins.JvmPlugin)))
[debug] Clause(Atom(org.jetbrains.sbt.StructurePlugin),Set(Atom(sbt.plugins.JvmPlugin)))
[debug] Clause(Atom(org.jetbrains.sbt.IdeaShellPlugin),Set(Atom(sbt.plugins.JvmPlugin)))
[debug] Clause(Atom(org.jetbrains.sbt.indices.SbtIntellijIndicesPlugin),Set(Atom(sbt.plugins.JvmPlugin)))
[debug] Clause(Atom(sbt.plugins.CorePlugin),Set(Atom(sbt.plugins.IvyPlugin)))
[debug] Clause(Atom(sbt.plugins.IvyPlugin),Set(Atom(sbt.plugins.JvmPlugin)))
[debug] Clause(Atom(sbt.plugins.JvmPlugin),Set(Atom(sbt.plugins.SemanticdbPlugin)))
[debug] Clause(Atom(sbt.plugins.JvmPlugin),Set(Atom(sbt.plugins.JUnitXmlReportPlugin)))
[debug] Clause(Atom(sbt.plugins.CorePlugin),Set(Atom(sbt.plugins.Giter8TemplatePlugin)))
[debug] Clause(Atom(sbt.plugins.JvmPlugin),Set(Atom(sbt.plugins.MiniDependencyTreePlugin)))
[debug] Clause(Atom(sbt.plugins.JvmPlugin),Set(Atom(org.jetbrains.sbt.StructurePlugin)))
[debug] Clause(Atom(sbt.plugins.JvmPlugin),Set(Atom(org.jetbrains.sbt.IdeaShellPlugin)))
[debug] Clause(And(Set(Atom(sbt.plugins.CorePlugin), Atom(sbt.plugins.JvmPlugin))),Set(Atom(org.jetbrains.sbt.indices.SbtIntellijIndicesPlugin))))
[debug]   :: deduced result: Matched(sbt.plugins.CorePlugin,sbt.plugins.Giter8TemplatePlugin,sbt.plugins.IvyPlugin,sbt.plugins.JvmPlugin,sbt.plugins.SemanticdbPlugin,org.jetbrains.sbt.indices.SbtIntellijIndicesPlugin,sbt.plugins.JUnitXmlReportPlugin,org.jetbrains.sbt.IdeaShellPlugin,org.jetbrains.sbt.StructurePlugin,sbt.plugins.MiniDependencyTreePlugin)
[debug] Plugins.deducer#function took 2.0012 ms
[info] loading settings for project it5100adb from build.sbt ...
[debug]         Load.resolveProject(it5100adb) took 32.4864ms
[debug]       Load.loadTransitive: finalizeProject(Project(id it5100adb, base: C:\Users\xiaod\Desktop\it5100adb, plugins: List(<none>))) took 35.9982ms
[debug] [Loading] Done in C:\Users\xiaod\Desktop\it5100adb, returning: (it5100adb)
[debug]     Load.loadUnit: loadedProjectsRaw took 2322.5115ms
[debug]     Load.loadUnit: cleanEvalClasses took 92.2553ms
[debug]   Load.loadUnit(file:/C:/Users/xiaod/Desktop/it5100adb/, ...) took 4108.6199ms
[debug] Load.apply: load took 4138.5766ms
[debug] Load.apply: resolveProjects took 0.2365ms
[debug] Load.apply: finalTransforms took 38.5805ms
[debug] Load.apply: config.delegates took 0.3341ms
[debug] Load.apply: Def.make(settings)... took 101.7994ms
[debug] Load.apply: structureIndex took 30.9221ms
[debug] Load.apply: mkStreams took 0.0025ms
[info] set current project to it5100adb (in build file:/C:/Users/xiaod/Desktop/it5100adb/)
[debug] > Exec(sbtPopOnFailure, None, None)
[debug] > Exec(resumeFromFailure, None, None)
[debug] > Exec(notifyUsersAboutShell, None, None)
[debug] > Exec(iflast shell, None, None)
[debug] > Exec(idea-shell, None, None)
