[debug] > Exec(early(addDefaultCommands), None, None)
[debug] > Exec(addDefaultCommands, None, None)
[debug] > Exec(early(initialize), None, None)
[debug] > Exec(initialize, None, None)
[debug] > Exec(early(addPluginSbtFile="""C:\Users\xiaod\AppData\Local\Temp\idea.sbt"""), None, None)
[debug] > Exec(addPluginSbtFile="""C:\Users\xiaod\AppData\Local\Temp\idea.sbt""", None, None)
[debug] > Exec(boot, None, None)
[debug] > Exec(writeSbtVersion, None, None)
[debug] > Exec(reload, None, None)
[debug] > Exec(sbtStashOnFailure, None, None)
[debug] > Exec(onFailure loadFailed, None, None)
[debug] > Exec(loadp, None, None)
[info] welcome to sbt 1.6.2 (Oracle Corporation Java 17.0.2)
[debug]       Load.loadUnit: plugins took 999.4031ms
[debug]       Load.loadUnit: defsScala took 0.3146ms
[debug] [Loading] Scanning directory C:\Users\xiaod\.sbt\1.0\plugins
[debug] [Loading] Found non-root projects 
[debug] [Loading] Done in C:\Users\xiaod\.sbt\1.0\plugins, returning: ()
[debug] deducing auto plugins based on known facts Set(Atom(sbt.plugins.CorePlugin)) and clauses Clauses(Clause(Atom(sbt.plugins.JvmPlugin),Set(Atom(sbt.plugins.IvyPlugin)))
[debug] Clause(Atom(sbt.ScriptedPlugin),Set(Atom(sbt.plugins.JvmPlugin)))
[debug] Clause(Atom(sbt.plugins.SbtPlugin),Set(Atom(sbt.ScriptedPlugin)))
[debug] Clause(Atom(sbt.plugins.SemanticdbPlugin),Set(Atom(sbt.plugins.JvmPlugin)))
[debug] Clause(Atom(sbt.plugins.JUnitXmlReportPlugin),Set(Atom(sbt.plugins.JvmPlugin)))
[debug] Clause(Atom(sbt.plugins.MiniDependencyTreePlugin),Set(Atom(sbt.plugins.JvmPlugin)))
[debug] Clause(Atom(sbt.plugins.CorePlugin),Set(Atom(sbt.plugins.IvyPlugin)))
[debug] Clause(Atom(sbt.plugins.IvyPlugin),Set(Atom(sbt.plugins.JvmPlugin)))
[debug] Clause(Atom(sbt.plugins.JvmPlugin),Set(Atom(sbt.plugins.SemanticdbPlugin)))
[debug] Clause(Atom(sbt.plugins.JvmPlugin),Set(Atom(sbt.plugins.JUnitXmlReportPlugin)))
[debug] Clause(Atom(sbt.plugins.CorePlugin),Set(Atom(sbt.plugins.Giter8TemplatePlugin)))
[debug] Clause(Atom(sbt.plugins.JvmPlugin),Set(Atom(sbt.plugins.MiniDependencyTreePlugin))))
[debug]   :: deduced result: Matched(sbt.plugins.CorePlugin,sbt.plugins.Giter8TemplatePlugin,sbt.plugins.IvyPlugin,sbt.plugins.JvmPlugin,sbt.plugins.MiniDependencyTreePlugin,sbt.plugins.JUnitXmlReportPlugin,sbt.plugins.SemanticdbPlugin)
[debug] Plugins.deducer#function took 30.3669 ms
[debug]           Load.resolveProject(global-plugins) took 90.8569ms
[debug]         Load.loadTransitive: finalizeProject(Project(id global-plugins, base: C:\Users\xiaod\.sbt\1.0\plugins, plugins: List(<none>))) took 158.5449ms
[debug] [Loading] Done in C:\Users\xiaod\.sbt\1.0\plugins, returning: (global-plugins)
[debug]       Load.loadUnit: loadedProjectsRaw took 209.578ms
[debug]       Load.loadUnit: cleanEvalClasses took 0.2343ms
[debug]     Load.loadUnit(file:/C:/Users/xiaod/.sbt/1.0/plugins/, ...) took 1240.3121ms
[debug]   Load.apply: load took 1784.2115ms
[debug]   Load.apply: resolveProjects took 6.1415ms
[debug]   Load.apply: finalTransforms took 474.0168ms
[debug]   Load.apply: config.delegates took 17.3296ms
[debug]   Load.apply: Def.make(settings)... took 600.8188ms
[debug]   Load.apply: structureIndex took 146.0777ms
[debug]   Load.apply: mkStreams took 86.8423ms
[info] loading global plugins from C:\Users\xiaod\.sbt\1.0\plugins
[debug] Running task... Cancel: Signal, check cycles: false, forcegc: true
[debug] Load.defaultLoad until apply took 5194.0802ms
[debug]           Load.loadUnit: plugins took 30.669ms
[debug]           Load.loadUnit: defsScala took 0.0045ms
[debug] [Loading] Scanning directory C:\Users\xiaod\Desktop\it5100adb\project
[debug]             Load.loadUnit: mkEval took 5.1848ms
[debug] [Loading] Found non-root projects 
[debug] [Loading] Done in C:\Users\xiaod\Desktop\it5100adb\project, returning: ()
[debug] deducing auto plugins based on known facts Set(Atom(sbt.plugins.CorePlugin)) and clauses Clauses(Clause(Atom(sbt.plugins.JvmPlugin),Set(Atom(sbt.plugins.IvyPlugin)))
[debug] Clause(Atom(sbt.ScriptedPlugin),Set(Atom(sbt.plugins.JvmPlugin)))
[debug] Clause(Atom(sbt.plugins.SbtPlugin),Set(Atom(sbt.ScriptedPlugin)))
[debug] Clause(Atom(sbt.plugins.SemanticdbPlugin),Set(Atom(sbt.plugins.JvmPlugin)))
[debug] Clause(Atom(sbt.plugins.JUnitXmlReportPlugin),Set(Atom(sbt.plugins.JvmPlugin)))
[debug] Clause(Atom(sbt.plugins.MiniDependencyTreePlugin),Set(Atom(sbt.plugins.JvmPlugin)))
[debug] Clause(Atom(sbt.plugins.CorePlugin),Set(Atom(sbt.plugins.IvyPlugin)))
[debug] Clause(Atom(sbt.plugins.IvyPlugin),Set(Atom(sbt.plugins.JvmPlugin)))
[debug] Clause(Atom(sbt.plugins.JvmPlugin),Set(Atom(sbt.plugins.SemanticdbPlugin)))
[debug] Clause(Atom(sbt.plugins.JvmPlugin),Set(Atom(sbt.plugins.JUnitXmlReportPlugin)))
[debug] Clause(Atom(sbt.plugins.CorePlugin),Set(Atom(sbt.plugins.Giter8TemplatePlugin)))
[debug] Clause(Atom(sbt.plugins.JvmPlugin),Set(Atom(sbt.plugins.MiniDependencyTreePlugin))))
[debug]   :: deduced result: Matched(sbt.plugins.CorePlugin,sbt.plugins.Giter8TemplatePlugin,sbt.plugins.IvyPlugin,sbt.plugins.JvmPlugin,sbt.plugins.MiniDependencyTreePlugin,sbt.plugins.JUnitXmlReportPlugin,sbt.plugins.SemanticdbPlugin)
[debug] Plugins.deducer#function took 1.6933 ms
[info] loading settings for project it5100adb-build from idea.sbt ...
[debug]               Load.resolveProject(it5100adb-build) took 2.8835ms
[debug]             Load.loadTransitive: finalizeProject(Project(id it5100adb-build, base: C:\Users\xiaod\Desktop\it5100adb\project, plugins: List(<none>))) took 5.0491ms
[debug] [Loading] Done in C:\Users\xiaod\Desktop\it5100adb\project, returning: (it5100adb-build)
[debug]           Load.loadUnit: loadedProjectsRaw took 124.4292ms
[debug]           Load.loadUnit: cleanEvalClasses took 4.5511ms
[debug]         Load.loadUnit(file:/C:/Users/xiaod/Desktop/it5100adb/project/, ...) took 160.5159ms
[debug]       Load.apply: load took 161.9098ms
[debug]       Load.apply: resolveProjects took 0.1325ms
[debug]       Load.apply: finalTransforms took 7.853ms
[debug]       Load.apply: config.delegates took 0.3476ms
[debug]       Load.apply: Def.make(settings)... took 84.9029ms
[debug]       Load.apply: structureIndex took 28.3545ms
[debug]       Load.apply: mkStreams took 0.0024ms
[info] loading project definition from C:\Users\xiaod\Desktop\it5100adb\project
[debug] Running task... Cancel: Signal, check cycles: false, forcegc: true
[debug]     Load.loadUnit: plugins took 644.984ms
[debug]     Load.loadUnit: defsScala took 0.0024ms
[debug] [Loading] Scanning directory C:\Users\xiaod\Desktop\it5100adb
[debug]       Load.loadUnit: mkEval took 0.2562ms
[debug] [Loading] Found non-root projects 
[debug] [Loading] Done in C:\Users\xiaod\Desktop\it5100adb, returning: ()
[debug] deducing auto plugins based on known facts Set(Atom(sbt.plugins.CorePlugin)) and clauses Clauses(Clause(Atom(sbt.plugins.JvmPlugin),Set(Atom(sbt.plugins.IvyPlugin)))
[debug] Clause(Atom(sbt.ScriptedPlugin),Set(Atom(sbt.plugins.JvmPlugin)))
[debug] Clause(Atom(sbt.plugins.SbtPlugin),Set(Atom(sbt.ScriptedPlugin)))
[debug] Clause(Atom(sbt.plugins.SemanticdbPlugin),Set(Atom(sbt.plugins.JvmPlugin)))
[debug] Clause(Atom(sbt.plugins.JUnitXmlReportPlugin),Set(Atom(sbt.plugins.JvmPlugin)))
[debug] Clause(Atom(sbt.plugins.MiniDependencyTreePlugin),Set(Atom(sbt.plugins.JvmPlugin)))
[debug] Clause(Atom(org.jetbrains.sbt.StructurePlugin),Set(Atom(sbt.plugins.JvmPlugin)))
[debug] Clause(Atom(org.jetbrains.sbt.IdeaShellPlugin),Set(Atom(sbt.plugins.JvmPlugin)))
[debug] Clause(Atom(org.jetbrains.sbt.indices.SbtIntellijIndicesPlugin),Set(Atom(sbt.plugins.JvmPlugin)))
[debug] Clause(Atom(sbt.plugins.CorePlugin),Set(Atom(sbt.plugins.IvyPlugin)))
[debug] Clause(Atom(sbt.plugins.IvyPlugin),Set(Atom(sbt.plugins.JvmPlugin)))
[debug] Clause(Atom(sbt.plugins.JvmPlugin),Set(Atom(sbt.plugins.SemanticdbPlugin)))
[debug] Clause(Atom(sbt.plugins.JvmPlugin),Set(Atom(sbt.plugins.JUnitXmlReportPlugin)))
[debug] Clause(Atom(sbt.plugins.CorePlugin),Set(Atom(sbt.plugins.Giter8TemplatePlugin)))
[debug] Clause(Atom(sbt.plugins.JvmPlugin),Set(Atom(sbt.plugins.MiniDependencyTreePlugin)))
[debug] Clause(Atom(sbt.plugins.JvmPlugin),Set(Atom(org.jetbrains.sbt.StructurePlugin)))
[debug] Clause(Atom(sbt.plugins.JvmPlugin),Set(Atom(org.jetbrains.sbt.IdeaShellPlugin)))
[debug] Clause(And(Set(Atom(sbt.plugins.CorePlugin), Atom(sbt.plugins.JvmPlugin))),Set(Atom(org.jetbrains.sbt.indices.SbtIntellijIndicesPlugin))))
[debug]   :: deduced result: Matched(sbt.plugins.CorePlugin,sbt.plugins.Giter8TemplatePlugin,sbt.plugins.IvyPlugin,sbt.plugins.JvmPlugin,sbt.plugins.SemanticdbPlugin,org.jetbrains.sbt.indices.SbtIntellijIndicesPlugin,sbt.plugins.JUnitXmlReportPlugin,org.jetbrains.sbt.IdeaShellPlugin,org.jetbrains.sbt.StructurePlugin,sbt.plugins.MiniDependencyTreePlugin)
[debug] Plugins.deducer#function took 1.9177 ms
[info] loading settings for project it5100adb from build.sbt ...
[debug]         Load.resolveProject(it5100adb) took 41.9053ms
[debug]       Load.loadTransitive: finalizeProject(Project(id it5100adb, base: C:\Users\xiaod\Desktop\it5100adb, plugins: List(<none>))) took 44.858ms
[debug] [Loading] Done in C:\Users\xiaod\Desktop\it5100adb, returning: (it5100adb)
[debug]     Load.loadUnit: loadedProjectsRaw took 2276.8769ms
[debug]     Load.loadUnit: cleanEvalClasses took 15.8915ms
[debug]   Load.loadUnit(file:/C:/Users/xiaod/Desktop/it5100adb/, ...) took 2938.5315ms
[debug] Load.apply: load took 2942.4906ms
[debug] Load.apply: resolveProjects took 0.1057ms
[debug] Load.apply: finalTransforms took 26.3916ms
[debug] Load.apply: config.delegates took 0.2948ms
[debug] Load.apply: Def.make(settings)... took 102.3025ms
[debug] Load.apply: structureIndex took 22.2528ms
[debug] Load.apply: mkStreams took 0.0023ms
[info] set current project to it5100adb (in build file:/C:/Users/xiaod/Desktop/it5100adb/)
[debug] > Exec(sbtPopOnFailure, None, None)
[debug] > Exec(resumeFromFailure, None, None)
[debug] > Exec(notifyUsersAboutShell, None, None)
[debug] > Exec(iflast shell, None, None)
[debug] > Exec(idea-shell, None, None)
