[debug] > Exec(;reload; set _root_.org.jetbrains.sbt.StructureKeys.sbtStructureOptions in Global := "download resolveClassifiers" ;preferScala2;*/*:dumpStructureTo C:/Users/xiaod/AppData/Local/Temp/sbt-structure.xml; session clear-all, None, None)
[debug] > Exec(reload, None, None)
[debug] > Exec(sbtStashOnFailure, None, None)
[debug] > Exec(onFailure loadFailed, None, None)
[debug] > Exec(loadp, None, None)
[info] welcome to sbt 1.6.2 (Oracle Corporation Java 17.0.2)
[debug]       Load.loadUnit: plugins took 17.0215ms
[debug]       Load.loadUnit: defsScala took 0.003ms
[debug] [Loading] Scanning directory C:\Users\xiaod\.sbt\1.0\plugins
[debug] [Loading] Found non-root projects 
[debug] [Loading] Done in C:\Users\xiaod\.sbt\1.0\plugins, returning: ()
[debug] deducing auto plugins based on known facts Set(Atom(sbt.plugins.CorePlugin)) and clauses Clauses(Clause(Atom(sbt.plugins.JvmPlugin),Set(Atom(sbt.plugins.IvyPlugin)))
[debug] Clause(Atom(sbt.ScriptedPlugin),Set(Atom(sbt.plugins.JvmPlugin)))
[debug] Clause(Atom(sbt.plugins.SbtPlugin),Set(Atom(sbt.ScriptedPlugin)))
[debug] Clause(Atom(sbt.plugins.SemanticdbPlugin),Set(Atom(sbt.plugins.JvmPlugin)))
[debug] Clause(Atom(sbt.plugins.JUnitXmlReportPlugin),Set(Atom(sbt.plugins.JvmPlugin)))
[debug] Clause(Atom(sbt.plugins.MiniDependencyTreePlugin),Set(Atom(sbt.plugins.JvmPlugin)))
[debug] Clause(Atom(sbt.plugins.CorePlugin),Set(Atom(sbt.plugins.IvyPlugin)))
[debug] Clause(Atom(sbt.plugins.IvyPlugin),Set(Atom(sbt.plugins.JvmPlugin)))
[debug] Clause(Atom(sbt.plugins.JvmPlugin),Set(Atom(sbt.plugins.SemanticdbPlugin)))
[debug] Clause(Atom(sbt.plugins.JvmPlugin),Set(Atom(sbt.plugins.JUnitXmlReportPlugin)))
[debug] Clause(Atom(sbt.plugins.CorePlugin),Set(Atom(sbt.plugins.Giter8TemplatePlugin)))
[debug] Clause(Atom(sbt.plugins.JvmPlugin),Set(Atom(sbt.plugins.MiniDependencyTreePlugin))))
[debug]   :: deduced result: Matched(sbt.plugins.CorePlugin,sbt.plugins.Giter8TemplatePlugin,sbt.plugins.IvyPlugin,sbt.plugins.JvmPlugin,sbt.plugins.MiniDependencyTreePlugin,sbt.plugins.JUnitXmlReportPlugin,sbt.plugins.SemanticdbPlugin)
[debug] Plugins.deducer#function took 1.3505 ms
[debug]           Load.resolveProject(global-plugins) took 0.8439ms
[debug]         Load.loadTransitive: finalizeProject(Project(id global-plugins, base: C:\Users\xiaod\.sbt\1.0\plugins, plugins: List(<none>))) took 2.69ms
[debug] [Loading] Done in C:\Users\xiaod\.sbt\1.0\plugins, returning: (global-plugins)
[debug]       Load.loadUnit: loadedProjectsRaw took 3.5942ms
[debug]       Load.loadUnit: cleanEvalClasses took 0.0077ms
[debug]     Load.loadUnit(file:/C:/Users/xiaod/.sbt/1.0/plugins/, ...) took 22.69ms
[debug]   Load.apply: load took 23.7078ms
[debug]   Load.apply: resolveProjects took 0.0757ms
[debug]   Load.apply: finalTransforms took 9.8385ms
[debug]   Load.apply: config.delegates took 0.2875ms
[debug]   Load.apply: Def.make(settings)... took 158.5801ms
[debug]   Load.apply: structureIndex took 47.5054ms
[debug]   Load.apply: mkStreams took 0.0021ms
[info] loading global plugins from C:\Users\xiaod\.sbt\1.0\plugins
[debug] Running task... Cancel: Signal, check cycles: false, forcegc: true
[debug] Load.defaultLoad until apply took 576.073ms
[debug]           Load.loadUnit: plugins took 19.0317ms
[debug]           Load.loadUnit: defsScala took 0.1226ms
[debug] [Loading] Scanning directory C:\Users\xiaod\Desktop\it5100adb\project
[debug]             Load.loadUnit: mkEval took 0.2252ms
[debug] [Loading] Found non-root projects 
[debug] [Loading] Done in C:\Users\xiaod\Desktop\it5100adb\project, returning: ()
[debug] deducing auto plugins based on known facts Set(Atom(sbt.plugins.CorePlugin)) and clauses Clauses(Clause(Atom(sbt.plugins.JvmPlugin),Set(Atom(sbt.plugins.IvyPlugin)))
[debug] Clause(Atom(sbt.ScriptedPlugin),Set(Atom(sbt.plugins.JvmPlugin)))
[debug] Clause(Atom(sbt.plugins.SbtPlugin),Set(Atom(sbt.ScriptedPlugin)))
[debug] Clause(Atom(sbt.plugins.SemanticdbPlugin),Set(Atom(sbt.plugins.JvmPlugin)))
[debug] Clause(Atom(sbt.plugins.JUnitXmlReportPlugin),Set(Atom(sbt.plugins.JvmPlugin)))
[debug] Clause(Atom(sbt.plugins.MiniDependencyTreePlugin),Set(Atom(sbt.plugins.JvmPlugin)))
[debug] Clause(Atom(sbt.plugins.CorePlugin),Set(Atom(sbt.plugins.IvyPlugin)))
[debug] Clause(Atom(sbt.plugins.IvyPlugin),Set(Atom(sbt.plugins.JvmPlugin)))
[debug] Clause(Atom(sbt.plugins.JvmPlugin),Set(Atom(sbt.plugins.SemanticdbPlugin)))
[debug] Clause(Atom(sbt.plugins.JvmPlugin),Set(Atom(sbt.plugins.JUnitXmlReportPlugin)))
[debug] Clause(Atom(sbt.plugins.CorePlugin),Set(Atom(sbt.plugins.Giter8TemplatePlugin)))
[debug] Clause(Atom(sbt.plugins.JvmPlugin),Set(Atom(sbt.plugins.MiniDependencyTreePlugin))))
[debug]   :: deduced result: Matched(sbt.plugins.CorePlugin,sbt.plugins.Giter8TemplatePlugin,sbt.plugins.IvyPlugin,sbt.plugins.JvmPlugin,sbt.plugins.MiniDependencyTreePlugin,sbt.plugins.JUnitXmlReportPlugin,sbt.plugins.SemanticdbPlugin)
[debug] Plugins.deducer#function took 1.5481 ms
[info] loading settings for project it5100adb-build from idea.sbt ...
[debug]               Load.resolveProject(it5100adb-build) took 1.3462ms
[debug]             Load.loadTransitive: finalizeProject(Project(id it5100adb-build, base: C:\Users\xiaod\Desktop\it5100adb\project, plugins: List(<none>))) took 3.3135ms
[debug] [Loading] Done in C:\Users\xiaod\Desktop\it5100adb\project, returning: (it5100adb-build)
[debug]           Load.loadUnit: loadedProjectsRaw took 26.1528ms
[debug]           Load.loadUnit: cleanEvalClasses took 3.3322ms
[debug]         Load.loadUnit(file:/C:/Users/xiaod/Desktop/it5100adb/project/, ...) took 49.9434ms
[debug]       Load.apply: load took 51.4276ms
[debug]       Load.apply: resolveProjects took 0.1245ms
[debug]       Load.apply: finalTransforms took 9.1206ms
[debug]       Load.apply: config.delegates took 0.2969ms
[debug]       Load.apply: Def.make(settings)... took 65.3943ms
[debug]       Load.apply: structureIndex took 17.8074ms
[debug]       Load.apply: mkStreams took 0.0026ms
[info] loading project definition from C:\Users\xiaod\Desktop\it5100adb\project
[debug] Running task... Cancel: Signal, check cycles: false, forcegc: true
[debug]     Load.loadUnit: plugins took 390.2347ms
[debug]     Load.loadUnit: defsScala took 0.0038ms
[debug] [Loading] Scanning directory C:\Users\xiaod\Desktop\it5100adb
[debug]       Load.loadUnit: mkEval took 0.4103ms
[debug] [Loading] Found non-root projects 
[debug] [Loading] Done in C:\Users\xiaod\Desktop\it5100adb, returning: ()
[debug] deducing auto plugins based on known facts Set(Atom(sbt.plugins.CorePlugin)) and clauses Clauses(Clause(Atom(sbt.plugins.JvmPlugin),Set(Atom(sbt.plugins.IvyPlugin)))
[debug] Clause(Atom(sbt.ScriptedPlugin),Set(Atom(sbt.plugins.JvmPlugin)))
[debug] Clause(Atom(sbt.plugins.SbtPlugin),Set(Atom(sbt.ScriptedPlugin)))
[debug] Clause(Atom(sbt.plugins.SemanticdbPlugin),Set(Atom(sbt.plugins.JvmPlugin)))
[debug] Clause(Atom(sbt.plugins.JUnitXmlReportPlugin),Set(Atom(sbt.plugins.JvmPlugin)))
[debug] Clause(Atom(sbt.plugins.MiniDependencyTreePlugin),Set(Atom(sbt.plugins.JvmPlugin)))
[debug] Clause(Atom(org.jetbrains.sbt.StructurePlugin),Set(Atom(sbt.plugins.JvmPlugin)))
[debug] Clause(Atom(org.jetbrains.sbt.IdeaShellPlugin),Set(Atom(sbt.plugins.JvmPlugin)))
[debug] Clause(Atom(org.jetbrains.sbt.indices.SbtIntellijIndicesPlugin),Set(Atom(sbt.plugins.JvmPlugin)))
[debug] Clause(Atom(sbt.plugins.CorePlugin),Set(Atom(sbt.plugins.IvyPlugin)))
[debug] Clause(Atom(sbt.plugins.IvyPlugin),Set(Atom(sbt.plugins.JvmPlugin)))
[debug] Clause(Atom(sbt.plugins.JvmPlugin),Set(Atom(sbt.plugins.SemanticdbPlugin)))
[debug] Clause(Atom(sbt.plugins.JvmPlugin),Set(Atom(sbt.plugins.JUnitXmlReportPlugin)))
[debug] Clause(Atom(sbt.plugins.CorePlugin),Set(Atom(sbt.plugins.Giter8TemplatePlugin)))
[debug] Clause(Atom(sbt.plugins.JvmPlugin),Set(Atom(sbt.plugins.MiniDependencyTreePlugin)))
[debug] Clause(Atom(sbt.plugins.JvmPlugin),Set(Atom(org.jetbrains.sbt.StructurePlugin)))
[debug] Clause(Atom(sbt.plugins.JvmPlugin),Set(Atom(org.jetbrains.sbt.IdeaShellPlugin)))
[debug] Clause(And(Set(Atom(sbt.plugins.CorePlugin), Atom(sbt.plugins.JvmPlugin))),Set(Atom(org.jetbrains.sbt.indices.SbtIntellijIndicesPlugin))))
[debug]   :: deduced result: Matched(sbt.plugins.CorePlugin,sbt.plugins.Giter8TemplatePlugin,sbt.plugins.IvyPlugin,sbt.plugins.JvmPlugin,sbt.plugins.SemanticdbPlugin,org.jetbrains.sbt.indices.SbtIntellijIndicesPlugin,sbt.plugins.JUnitXmlReportPlugin,org.jetbrains.sbt.IdeaShellPlugin,org.jetbrains.sbt.StructurePlugin,sbt.plugins.MiniDependencyTreePlugin)
[debug] Plugins.deducer#function took 1.5371 ms
[info] loading settings for project it5100adb from build.sbt ...
[debug]         Load.resolveProject(it5100adb) took 34.3186ms
[debug]       Load.loadTransitive: finalizeProject(Project(id it5100adb, base: C:\Users\xiaod\Desktop\it5100adb, plugins: List(<none>))) took 36.314ms
[debug] [Loading] Done in C:\Users\xiaod\Desktop\it5100adb, returning: (it5100adb)
[debug]     Load.loadUnit: loadedProjectsRaw took 79.5215ms
[debug]     Load.loadUnit: cleanEvalClasses took 7.2237ms
[debug]   Load.loadUnit(file:/C:/Users/xiaod/Desktop/it5100adb/, ...) took 478.5049ms
[debug] Load.apply: load took 479.6981ms
[debug] Load.apply: resolveProjects took 0.1982ms
[debug] Load.apply: finalTransforms took 14.3725ms
[debug] Load.apply: config.delegates took 5.6256ms
[debug] Load.apply: Def.make(settings)... took 65.9287ms
[debug] Load.apply: structureIndex took 16.1599ms
[debug] Load.apply: mkStreams took 0.0026ms
[info] set current project to it5100adb (in build file:/C:/Users/xiaod/Desktop/it5100adb/)
[debug] > Exec(sbtPopOnFailure, None, None)
[debug] > Exec(resumeFromFailure, None, None)
[debug] > Exec(set _root_.org.jetbrains.sbt.StructureKeys.sbtStructureOptions in Global := "download resolveClassifiers", None, None)
[info] Defining Global / sbtStructureOptions
[info] The new value will be used by Global / ssOptions
[debug] Defining 
[debug] 	Global / sbtStructureOptions
[debug] 
[debug] The new value will be used by 
[debug] 	Global / ssOptions
[info] Reapplying settings...
[info] set current project to it5100adb (in build file:/C:/Users/xiaod/Desktop/it5100adb/)
[debug] > Exec(preferScala2, None, None)
[debug] > Exec(*/*:dumpStructureTo C:/Users/xiaod/AppData/Local/Temp/sbt-structure.xml, None, None)
[debug] Evaluating tasks: Global / dumpStructureTo
[warn] sbt 0.13 shell syntax is deprecated; use slash syntax instead: Global / dumpStructureTo
[debug] Running task... Cancel: Signal, check cycles: false, forcegc: true
[warn] 
[warn] 	Note: Unresolved dependencies path:
[error] sbt.librarymanagement.ResolveException: Error downloading com.typesafe.slick:slick_3:3.3.1
[error]   Not found
[error]   Not found
[error]   not found: C:\Users\xiaod\.ivy2\localcom.typesafe.slick\slick_3\3.3.1\ivys\ivy.xml
[error]   not found: https://repo1.maven.org/maven2/com/typesafe/slick/slick_3/3.3.1/slick_3-3.3.1.pom
[error] Error downloading com.typesafe.slick:slick-codegen_3:3.3.2
[error]   Not found
[error]   Not found
[error]   not found: C:\Users\xiaod\.ivy2\localcom.typesafe.slick\slick-codegen_3\3.3.2\ivys\ivy.xml
[error]   not found: https://repo1.maven.org/maven2/com/typesafe/slick/slick-codegen_3/3.3.2/slick-codegen_3-3.3.2.pom
[error] Error downloading com.typesafe.slick:slick-hikaricp_3:3.3.2
[error]   Not found
[error]   Not found
[error]   not found: C:\Users\xiaod\.ivy2\localcom.typesafe.slick\slick-hikaricp_3\3.3.2\ivys\ivy.xml
[error]   not found: https://repo1.maven.org/maven2/com/typesafe/slick/slick-hikaricp_3/3.3.2/slick-hikaricp_3-3.3.2.pom
[error] Error downloading com.typesafe.play:play-slick_3:5.0.0
[error]   Not found
[error]   Not found
[error]   not found: C:\Users\xiaod\.ivy2\localcom.typesafe.play\play-slick_3\5.0.0\ivys\ivy.xml
[error]   not found: https://repo1.maven.org/maven2/com/typesafe/play/play-slick_3/5.0.0/play-slick_3-5.0.0.pom
[error] 	at lmcoursier.CoursierDependencyResolution.unresolvedWarningOrThrow(CoursierDependencyResolution.scala:345)
[error] 	at lmcoursier.CoursierDependencyResolution.$anonfun$update$38(CoursierDependencyResolution.scala:314)
[error] 	at scala.util.Either$LeftProjection.map(Either.scala:573)
[error] 	at lmcoursier.CoursierDependencyResolution.update(CoursierDependencyResolution.scala:314)
[error] 	at sbt.librarymanagement.DependencyResolution.update(DependencyResolution.scala:60)
[error] 	at sbt.internal.LibraryManagement$.resolve$1(LibraryManagement.scala:59)
[error] 	at sbt.internal.LibraryManagement$.$anonfun$cachedUpdate$12(LibraryManagement.scala:133)
[error] 	at sbt.util.Tracked$.$anonfun$lastOutput$1(Tracked.scala:73)
[error] 	at sbt.internal.LibraryManagement$.$anonfun$cachedUpdate$20(LibraryManagement.scala:146)
[error] 	at scala.util.control.Exception$Catch.apply(Exception.scala:228)
[error] 	at sbt.internal.LibraryManagement$.$anonfun$cachedUpdate$11(LibraryManagement.scala:146)
[error] 	at sbt.internal.LibraryManagement$.$anonfun$cachedUpdate$11$adapted(LibraryManagement.scala:127)
[error] 	at sbt.util.Tracked$.$anonfun$inputChangedW$1(Tracked.scala:219)
[error] 	at sbt.internal.LibraryManagement$.cachedUpdate(LibraryManagement.scala:160)
[error] 	at sbt.Classpaths$.$anonfun$updateTask0$1(Defaults.scala:3690)
[error] 	at scala.Function1.$anonfun$compose$1(Function1.scala:49)
[error] 	at sbt.internal.util.$tilde$greater.$anonfun$$u2219$1(TypeFunctions.scala:62)
[error] 	at sbt.std.Transform$$anon$4.work(Transform.scala:68)
[error] 	at sbt.Execute.$anonfun$submit$2(Execute.scala:282)
[error] 	at sbt.internal.util.ErrorHandling$.wideConvert(ErrorHandling.scala:23)
[error] 	at sbt.Execute.work(Execute.scala:291)
[error] 	at sbt.Execute.$anonfun$submit$1(Execute.scala:282)
[error] 	at sbt.ConcurrentRestrictions$$anon$4.$anonfun$submitValid$1(ConcurrentRestrictions.scala:265)
[error] 	at sbt.CompletionService$$anon$2.call(CompletionService.scala:64)
[error] 	at java.base/java.util.concurrent.FutureTask.run(FutureTask.java:264)
[error] 	at java.base/java.util.concurrent.Executors$RunnableAdapter.call(Executors.java:539)
[error] 	at java.base/java.util.concurrent.FutureTask.run(FutureTask.java:264)
[error] 	at java.base/java.util.concurrent.ThreadPoolExecutor.runWorker(ThreadPoolExecutor.java:1136)
[error] 	at java.base/java.util.concurrent.ThreadPoolExecutor$Worker.run(ThreadPoolExecutor.java:635)
[error] 	at java.base/java.lang.Thread.run(Thread.java:833)
[error] sbt.librarymanagement.ResolveException: Error downloading com.typesafe.slick:slick_3:3.3.1
[error]   Not found
[error]   Not found
[error]   not found: C:\Users\xiaod\.ivy2\localcom.typesafe.slick\slick_3\3.3.1\ivys\ivy.xml
[error]   not found: https://repo1.maven.org/maven2/com/typesafe/slick/slick_3/3.3.1/slick_3-3.3.1.pom
[error] Error downloading com.typesafe.slick:slick-codegen_3:3.3.2
[error]   Not found
[error]   Not found
[error]   not found: C:\Users\xiaod\.ivy2\localcom.typesafe.slick\slick-codegen_3\3.3.2\ivys\ivy.xml
[error]   not found: https://repo1.maven.org/maven2/com/typesafe/slick/slick-codegen_3/3.3.2/slick-codegen_3-3.3.2.pom
[error] Error downloading com.typesafe.slick:slick-hikaricp_3:3.3.2
[error]   Not found
[error]   Not found
[error]   not found: C:\Users\xiaod\.ivy2\localcom.typesafe.slick\slick-hikaricp_3\3.3.2\ivys\ivy.xml
[error]   not found: https://repo1.maven.org/maven2/com/typesafe/slick/slick-hikaricp_3/3.3.2/slick-hikaricp_3-3.3.2.pom
[error] Error downloading com.typesafe.play:play-slick_3:5.0.0
[error]   Not found
[error]   Not found
[error]   not found: C:\Users\xiaod\.ivy2\localcom.typesafe.play\play-slick_3\5.0.0\ivys\ivy.xml
[error]   not found: https://repo1.maven.org/maven2/com/typesafe/play/play-slick_3/5.0.0/play-slick_3-5.0.0.pom
[error] 	at lmcoursier.CoursierDependencyResolution.unresolvedWarningOrThrow(CoursierDependencyResolution.scala:345)
[error] 	at lmcoursier.CoursierDependencyResolution.$anonfun$update$38(CoursierDependencyResolution.scala:314)
[error] 	at scala.util.Either$LeftProjection.map(Either.scala:573)
[error] 	at lmcoursier.CoursierDependencyResolution.update(CoursierDependencyResolution.scala:314)
[error] 	at sbt.librarymanagement.DependencyResolution.update(DependencyResolution.scala:60)
[error] 	at sbt.internal.LibraryManagement$.resolve$1(LibraryManagement.scala:59)
[error] 	at sbt.internal.LibraryManagement$.$anonfun$cachedUpdate$12(LibraryManagement.scala:133)
[error] 	at sbt.util.Tracked$.$anonfun$lastOutput$1(Tracked.scala:73)
[error] 	at sbt.internal.LibraryManagement$.$anonfun$cachedUpdate$20(LibraryManagement.scala:146)
[error] 	at scala.util.control.Exception$Catch.apply(Exception.scala:228)
[error] 	at sbt.internal.LibraryManagement$.$anonfun$cachedUpdate$11(LibraryManagement.scala:146)
[error] 	at sbt.internal.LibraryManagement$.$anonfun$cachedUpdate$11$adapted(LibraryManagement.scala:127)
[error] 	at sbt.util.Tracked$.$anonfun$inputChangedW$1(Tracked.scala:219)
[error] 	at sbt.internal.LibraryManagement$.cachedUpdate(LibraryManagement.scala:160)
[error] 	at sbt.Classpaths$.$anonfun$updateTask0$1(Defaults.scala:3690)
[error] 	at scala.Function1.$anonfun$compose$1(Function1.scala:49)
[error] 	at sbt.internal.util.$tilde$greater.$anonfun$$u2219$1(TypeFunctions.scala:62)
[error] 	at sbt.std.Transform$$anon$4.work(Transform.scala:68)
[error] 	at sbt.Execute.$anonfun$submit$2(Execute.scala:282)
[error] 	at sbt.internal.util.ErrorHandling$.wideConvert(ErrorHandling.scala:23)
[error] 	at sbt.Execute.work(Execute.scala:291)
[error] 	at sbt.Execute.$anonfun$submit$1(Execute.scala:282)
[error] 	at sbt.ConcurrentRestrictions$$anon$4.$anonfun$submitValid$1(ConcurrentRestrictions.scala:265)
[error] 	at sbt.CompletionService$$anon$2.call(CompletionService.scala:64)
[error] 	at java.base/java.util.concurrent.FutureTask.run(FutureTask.java:264)
[error] 	at java.base/java.util.concurrent.Executors$RunnableAdapter.call(Executors.java:539)
[error] 	at java.base/java.util.concurrent.FutureTask.run(FutureTask.java:264)
[error] 	at java.base/java.util.concurrent.ThreadPoolExecutor.runWorker(ThreadPoolExecutor.java:1136)
[error] 	at java.base/java.util.concurrent.ThreadPoolExecutor$Worker.run(ThreadPoolExecutor.java:635)
[error] 	at java.base/java.lang.Thread.run(Thread.java:833)
[error] (update) sbt.librarymanagement.ResolveException: Error downloading com.typesafe.slick:slick_3:3.3.1
[error]   Not found
[error]   Not found
[error]   not found: C:\Users\xiaod\.ivy2\localcom.typesafe.slick\slick_3\3.3.1\ivys\ivy.xml
[error]   not found: https://repo1.maven.org/maven2/com/typesafe/slick/slick_3/3.3.1/slick_3-3.3.1.pom
[error] Error downloading com.typesafe.slick:slick-codegen_3:3.3.2
[error]   Not found
[error]   Not found
[error]   not found: C:\Users\xiaod\.ivy2\localcom.typesafe.slick\slick-codegen_3\3.3.2\ivys\ivy.xml
[error]   not found: https://repo1.maven.org/maven2/com/typesafe/slick/slick-codegen_3/3.3.2/slick-codegen_3-3.3.2.pom
[error] Error downloading com.typesafe.slick:slick-hikaricp_3:3.3.2
[error]   Not found
[error]   Not found
[error]   not found: C:\Users\xiaod\.ivy2\localcom.typesafe.slick\slick-hikaricp_3\3.3.2\ivys\ivy.xml
[error]   not found: https://repo1.maven.org/maven2/com/typesafe/slick/slick-hikaricp_3/3.3.2/slick-hikaricp_3-3.3.2.pom
[error] Error downloading com.typesafe.play:play-slick_3:5.0.0
[error]   Not found
[error]   Not found
[error]   not found: C:\Users\xiaod\.ivy2\localcom.typesafe.play\play-slick_3\5.0.0\ivys\ivy.xml
[error]   not found: https://repo1.maven.org/maven2/com/typesafe/play/play-slick_3/5.0.0/play-slick_3-5.0.0.pom
[error] (ssExtractDependencies) sbt.librarymanagement.ResolveException: Error downloading com.typesafe.slick:slick_3:3.3.1
[error]   Not found
[error]   Not found
[error]   not found: C:\Users\xiaod\.ivy2\localcom.typesafe.slick\slick_3\3.3.1\ivys\ivy.xml
[error]   not found: https://repo1.maven.org/maven2/com/typesafe/slick/slick_3/3.3.1/slick_3-3.3.1.pom
[error] Error downloading com.typesafe.slick:slick-codegen_3:3.3.2
[error]   Not found
[error]   Not found
[error]   not found: C:\Users\xiaod\.ivy2\localcom.typesafe.slick\slick-codegen_3\3.3.2\ivys\ivy.xml
[error]   not found: https://repo1.maven.org/maven2/com/typesafe/slick/slick-codegen_3/3.3.2/slick-codegen_3-3.3.2.pom
[error] Error downloading com.typesafe.slick:slick-hikaricp_3:3.3.2
[error]   Not found
[error]   Not found
[error]   not found: C:\Users\xiaod\.ivy2\localcom.typesafe.slick\slick-hikaricp_3\3.3.2\ivys\ivy.xml
[error]   not found: https://repo1.maven.org/maven2/com/typesafe/slick/slick-hikaricp_3/3.3.2/slick-hikaricp_3-3.3.2.pom
[error] Error downloading com.typesafe.play:play-slick_3:5.0.0
[error]   Not found
[error]   Not found
[error]   not found: C:\Users\xiaod\.ivy2\localcom.typesafe.play\play-slick_3\5.0.0\ivys\ivy.xml
[error]   not found: https://repo1.maven.org/maven2/com/typesafe/play/play-slick_3/5.0.0/play-slick_3-5.0.0.pom
[error] Total time: 4 s, completed 5 Mar 2022, 5:57:46 pm
[debug] > Exec(idea-shell, None, None)
[debug] > Exec(, None, None)
[debug] > Exec(idea-shell, None, None)
